[33mWARNING[0m:  [23-09-2024 17:48:24] chroma_server_nofile is not supported on Windows. chroma_server_nofile will not be set.
[32mINFO[0m:     [23-09-2024 17:48:24] Anonymized telemetry enabled. See                     https://docs.trychroma.com/telemetry for more information.
[36mDEBUG[0m:    [23-09-2024 17:48:24] Starting component System
[36mDEBUG[0m:    [23-09-2024 17:48:24] Starting component OpenTelemetryClient
[36mDEBUG[0m:    [23-09-2024 17:48:24] Starting component SqliteDB
[36mDEBUG[0m:    [23-09-2024 17:48:24] Starting component QuotaEnforcer
[36mDEBUG[0m:    [23-09-2024 17:48:24] Starting component Posthog
[36mDEBUG[0m:    [23-09-2024 17:48:24] Starting component LocalSegmentManager
[36mDEBUG[0m:    [23-09-2024 17:48:24] Starting component SegmentAPI
[32mINFO[0m:     [23-09-2024 17:48:25] Started server process [[36m19272[0m]
[32mINFO[0m:     [23-09-2024 17:48:25] Waiting for application startup.
[32mINFO[0m:     [23-09-2024 17:48:25] Application startup complete.
[32mINFO[0m:     [23-09-2024 17:48:25] Uvicorn running on [1mhttp://localhost:8000[0m (Press CTRL+C to quit)
[32mINFO[0m:     [23-09-2024 17:55:20] ::1:51927 - "GET /api/v1/tenants/default_tenant HTTP/1.1" 200
[32mINFO[0m:     [23-09-2024 17:55:20] ::1:51927 - "GET /api/v1/databases/default_database?tenant=default_tenant HTTP/1.1" 200
[32mINFO[0m:     [23-09-2024 17:55:20] ::1:51928 - "GET /api/v1/tenants/default_tenant HTTP/1.1" 200
[32mINFO[0m:     [23-09-2024 17:55:20] ::1:51928 - "GET /api/v1/databases/default_database?tenant=default_tenant HTTP/1.1" 200
[32mINFO[0m:     [23-09-2024 17:56:16] ::1:51948 - "GET /api/v1/tenants/default_tenant HTTP/1.1" 200
[32mINFO[0m:     [23-09-2024 17:56:16] ::1:51948 - "GET /api/v1/databases/default_database?tenant=default_tenant HTTP/1.1" 200
[32mINFO[0m:     [23-09-2024 17:56:16] ::1:51949 - "GET /api/v1/tenants/default_tenant HTTP/1.1" 200
[32mINFO[0m:     [23-09-2024 17:56:16] ::1:51949 - "GET /api/v1/databases/default_database?tenant=default_tenant HTTP/1.1" 200
[32mINFO[0m:     [23-09-2024 17:57:04] ::1:51968 - "GET /api/v1/tenants/default_tenant HTTP/1.1" 200
[32mINFO[0m:     [23-09-2024 17:57:04] ::1:51968 - "GET /api/v1/databases/default_database?tenant=default_tenant HTTP/1.1" 200
[32mINFO[0m:     [23-09-2024 17:57:04] ::1:51969 - "GET /api/v1/tenants/default_tenant HTTP/1.1" 200
[32mINFO[0m:     [23-09-2024 17:57:04] ::1:51969 - "GET /api/v1/databases/default_database?tenant=default_tenant HTTP/1.1" 200
[32mINFO[0m:     [23-09-2024 17:57:37] ::1:51986 - "GET /api/v1/tenants/default_tenant HTTP/1.1" 200
[32mINFO[0m:     [23-09-2024 17:57:37] ::1:51986 - "GET /api/v1/databases/default_database?tenant=default_tenant HTTP/1.1" 200
[32mINFO[0m:     [23-09-2024 17:57:37] ::1:51987 - "GET /api/v1/tenants/default_tenant HTTP/1.1" 200
[32mINFO[0m:     [23-09-2024 17:57:37] ::1:51987 - "GET /api/v1/databases/default_database?tenant=default_tenant HTTP/1.1" 200
[32mINFO[0m:     [23-09-2024 17:59:03] ::1:52018 - "GET /api/v1/tenants/default_tenant HTTP/1.1" 200
[32mINFO[0m:     [23-09-2024 17:59:03] ::1:52018 - "GET /api/v1/databases/default_database?tenant=default_tenant HTTP/1.1" 200
[32mINFO[0m:     [23-09-2024 17:59:03] ::1:52019 - "GET /api/v1/tenants/default_tenant HTTP/1.1" 200
[32mINFO[0m:     [23-09-2024 17:59:03] ::1:52019 - "GET /api/v1/databases/default_database?tenant=default_tenant HTTP/1.1" 200
[31mERROR[0m:    [23-09-2024 17:59:07] Collection my_collection does not exist.
Traceback (most recent call last):
  File "d:\299 chatBOT\.venv\Lib\site-packages\anyio\streams\memory.py", line 105, in receive
    return self.receive_nowait()
           ^^^^^^^^^^^^^^^^^^^^^
  File "d:\299 chatBOT\.venv\Lib\site-packages\anyio\streams\memory.py", line 100, in receive_nowait
    raise WouldBlock
anyio.WouldBlock

During handling of the above exception, another exception occurred:

Traceback (most recent call last):
  File "d:\299 chatBOT\.venv\Lib\site-packages\anyio\streams\memory.py", line 118, in receive
    return receiver.item
           ^^^^^^^^^^^^^
AttributeError: 'MemoryObjectItemReceiver' object has no attribute 'item'

During handling of the above exception, another exception occurred:

Traceback (most recent call last):
  File "d:\299 chatBOT\.venv\Lib\site-packages\starlette\middleware\base.py", line 157, in call_next
    message = await recv_stream.receive()
              ^^^^^^^^^^^^^^^^^^^^^^^^^^^
  File "d:\299 chatBOT\.venv\Lib\site-packages\anyio\streams\memory.py", line 120, in receive
    raise EndOfStream
anyio.EndOfStream

During handling of the above exception, another exception occurred:

Traceback (most recent call last):
  File "d:\299 chatBOT\.venv\Lib\site-packages\chromadb\server\fastapi\__init__.py", line 75, in catch_exceptions_middleware
    return await call_next(request)
           ^^^^^^^^^^^^^^^^^^^^^^^^
  File "d:\299 chatBOT\.venv\Lib\site-packages\starlette\middleware\base.py", line 163, in call_next
    raise app_exc
  File "d:\299 chatBOT\.venv\Lib\site-packages\starlette\middleware\base.py", line 149, in coro
    await self.app(scope, receive_or_disconnect, send_no_error)
  File "d:\299 chatBOT\.venv\Lib\site-packages\starlette\middleware\base.py", line 185, in __call__
    with collapse_excgroups():
  File "C:\Program Files\Python311\Lib\contextlib.py", line 155, in __exit__
    self.gen.throw(typ, value, traceback)
  File "d:\299 chatBOT\.venv\Lib\site-packages\starlette\_utils.py", line 83, in collapse_excgroups
    raise exc
  File "d:\299 chatBOT\.venv\Lib\site-packages\starlette\middleware\base.py", line 187, in __call__
    response = await self.dispatch_func(request, call_next)
               ^^^^^^^^^^^^^^^^^^^^^^^^^^^^^^^^^^^^^^^^^^^^
  File "d:\299 chatBOT\.venv\Lib\site-packages\chromadb\server\fastapi\__init__.py", line 89, in check_http_version_middleware
    return await call_next(request)
           ^^^^^^^^^^^^^^^^^^^^^^^^
  File "d:\299 chatBOT\.venv\Lib\site-packages\starlette\middleware\base.py", line 163, in call_next
    raise app_exc
  File "d:\299 chatBOT\.venv\Lib\site-packages\starlette\middleware\base.py", line 149, in coro
    await self.app(scope, receive_or_disconnect, send_no_error)
  File "d:\299 chatBOT\.venv\Lib\site-packages\starlette\middleware\exceptions.py", line 62, in __call__
    await wrap_app_handling_exceptions(self.app, conn)(scope, receive, send)
  File "d:\299 chatBOT\.venv\Lib\site-packages\starlette\_exception_handler.py", line 62, in wrapped_app
    raise exc
  File "d:\299 chatBOT\.venv\Lib\site-packages\starlette\_exception_handler.py", line 51, in wrapped_app
    await app(scope, receive, sender)
  File "d:\299 chatBOT\.venv\Lib\site-packages\starlette\routing.py", line 715, in __call__
    await self.middleware_stack(scope, receive, send)
  File "d:\299 chatBOT\.venv\Lib\site-packages\starlette\routing.py", line 735, in app
    await route.handle(scope, receive, send)
  File "d:\299 chatBOT\.venv\Lib\site-packages\starlette\routing.py", line 288, in handle
    await self.app(scope, receive, send)
  File "d:\299 chatBOT\.venv\Lib\site-packages\starlette\routing.py", line 76, in app
    await wrap_app_handling_exceptions(app, request)(scope, receive, send)
  File "d:\299 chatBOT\.venv\Lib\site-packages\starlette\_exception_handler.py", line 62, in wrapped_app
    raise exc
  File "d:\299 chatBOT\.venv\Lib\site-packages\starlette\_exception_handler.py", line 51, in wrapped_app
    await app(scope, receive, sender)
  File "d:\299 chatBOT\.venv\Lib\site-packages\starlette\routing.py", line 73, in app
    response = await f(request)
               ^^^^^^^^^^^^^^^^
  File "d:\299 chatBOT\.venv\Lib\site-packages\fastapi\routing.py", line 301, in app
    raw_response = await run_endpoint_function(
                   ^^^^^^^^^^^^^^^^^^^^^^^^^^^^
  File "d:\299 chatBOT\.venv\Lib\site-packages\fastapi\routing.py", line 212, in run_endpoint_function
    return await dependant.call(**values)
           ^^^^^^^^^^^^^^^^^^^^^^^^^^^^^^
  File "d:\299 chatBOT\.venv\Lib\site-packages\chromadb\telemetry\opentelemetry\__init__.py", line 133, in async_wrapper
    return await f(*args, **kwargs)
           ^^^^^^^^^^^^^^^^^^^^^^^^
  File "d:\299 chatBOT\.venv\Lib\site-packages\chromadb\server\fastapi\__init__.py", line 626, in get_collection
    await to_thread.run_sync(
  File "d:\299 chatBOT\.venv\Lib\site-packages\anyio\to_thread.py", line 56, in run_sync
    return await get_async_backend().run_sync_in_worker_thread(
           ^^^^^^^^^^^^^^^^^^^^^^^^^^^^^^^^^^^^^^^^^^^^^^^^^^^^
  File "d:\299 chatBOT\.venv\Lib\site-packages\anyio\_backends\_asyncio.py", line 2177, in run_sync_in_worker_thread
    return await future
           ^^^^^^^^^^^^
  File "d:\299 chatBOT\.venv\Lib\site-packages\anyio\_backends\_asyncio.py", line 859, in run
    result = context.run(func, *args)
             ^^^^^^^^^^^^^^^^^^^^^^^^
  File "d:\299 chatBOT\.venv\Lib\site-packages\chromadb\telemetry\opentelemetry\__init__.py", line 146, in wrapper
    return f(*args, **kwargs)
           ^^^^^^^^^^^^^^^^^^
  File "d:\299 chatBOT\.venv\Lib\site-packages\chromadb\api\segment.py", line 262, in get_collection
    raise ValueError(f"Collection {name} does not exist.")
ValueError: Collection my_collection does not exist.
[32mINFO[0m:     [23-09-2024 17:59:07] ::1:52023 - "GET /api/v1/collections/my_collection?tenant=default_tenant&database=default_database HTTP/1.1" 500
[32mINFO[0m:     [23-09-2024 17:59:55] ::1:52036 - "GET /api/v1/tenants/default_tenant HTTP/1.1" 200
[32mINFO[0m:     [23-09-2024 17:59:55] ::1:52036 - "GET /api/v1/databases/default_database?tenant=default_tenant HTTP/1.1" 200
[32mINFO[0m:     [23-09-2024 17:59:55] ::1:52037 - "GET /api/v1/tenants/default_tenant HTTP/1.1" 200
[32mINFO[0m:     [23-09-2024 17:59:55] ::1:52037 - "GET /api/v1/databases/default_database?tenant=default_tenant HTTP/1.1" 200
[32mINFO[0m:     [23-09-2024 18:03:49] ::1:52108 - "GET /api/v1/tenants/default_tenant HTTP/1.1" 200
[32mINFO[0m:     [23-09-2024 18:03:49] ::1:52108 - "GET /api/v1/databases/default_database?tenant=default_tenant HTTP/1.1" 200
[32mINFO[0m:     [23-09-2024 18:03:49] ::1:52109 - "GET /api/v1/tenants/default_tenant HTTP/1.1" 200
[32mINFO[0m:     [23-09-2024 18:03:49] ::1:52109 - "GET /api/v1/databases/default_database?tenant=default_tenant HTTP/1.1" 200
[32mINFO[0m:     [23-09-2024 18:05:58] ::1:52156 - "GET /api/v1/tenants/default_tenant HTTP/1.1" 200
[32mINFO[0m:     [23-09-2024 18:05:58] ::1:52156 - "GET /api/v1/databases/default_database?tenant=default_tenant HTTP/1.1" 200
[32mINFO[0m:     [23-09-2024 18:05:58] ::1:52157 - "GET /api/v1/tenants/default_tenant HTTP/1.1" 200
[32mINFO[0m:     [23-09-2024 18:05:58] ::1:52157 - "GET /api/v1/databases/default_database?tenant=default_tenant HTTP/1.1" 200
[32mINFO[0m:     [23-09-2024 18:07:02] ::1:52185 - "GET /api/v1/tenants/default_tenant HTTP/1.1" 200
[32mINFO[0m:     [23-09-2024 18:07:02] ::1:52185 - "GET /api/v1/databases/default_database?tenant=default_tenant HTTP/1.1" 200
[32mINFO[0m:     [23-09-2024 18:07:02] ::1:52186 - "GET /api/v1/tenants/default_tenant HTTP/1.1" 200
[32mINFO[0m:     [23-09-2024 18:07:02] ::1:52186 - "GET /api/v1/databases/default_database?tenant=default_tenant HTTP/1.1" 200
[32mINFO[0m:     [23-09-2024 18:08:00] ::1:52200 - "GET /api/v1/tenants/default_tenant HTTP/1.1" 200
[32mINFO[0m:     [23-09-2024 18:08:00] ::1:52200 - "GET /api/v1/databases/default_database?tenant=default_tenant HTTP/1.1" 200
[32mINFO[0m:     [23-09-2024 18:08:00] ::1:52201 - "GET /api/v1/tenants/default_tenant HTTP/1.1" 200
[32mINFO[0m:     [23-09-2024 18:08:00] ::1:52201 - "GET /api/v1/databases/default_database?tenant=default_tenant HTTP/1.1" 200
[32mINFO[0m:     [23-09-2024 18:08:04] ::1:52205 - "GET /api/v1/tenants/default_tenant HTTP/1.1" 200
[32mINFO[0m:     [23-09-2024 18:08:04] ::1:52205 - "GET /api/v1/databases/default_database?tenant=default_tenant HTTP/1.1" 200
[32mINFO[0m:     [23-09-2024 18:08:04] ::1:52206 - "GET /api/v1/tenants/default_tenant HTTP/1.1" 200
[32mINFO[0m:     [23-09-2024 18:08:04] ::1:52206 - "GET /api/v1/databases/default_database?tenant=default_tenant HTTP/1.1" 200
[32mINFO[0m:     [23-09-2024 18:11:00] ::1:52268 - "GET /api/v1/tenants/default_tenant HTTP/1.1" 200
[32mINFO[0m:     [23-09-2024 18:11:00] ::1:52268 - "GET /api/v1/databases/default_database?tenant=default_tenant HTTP/1.1" 200
[32mINFO[0m:     [23-09-2024 18:11:00] ::1:52269 - "GET /api/v1/tenants/default_tenant HTTP/1.1" 200
[32mINFO[0m:     [23-09-2024 18:11:00] ::1:52269 - "GET /api/v1/databases/default_database?tenant=default_tenant HTTP/1.1" 200
[32mINFO[0m:     [23-09-2024 18:11:36] ::1:52283 - "GET /api/v1/tenants/default_tenant HTTP/1.1" 200
[32mINFO[0m:     [23-09-2024 18:11:36] ::1:52283 - "GET /api/v1/databases/default_database?tenant=default_tenant HTTP/1.1" 200
[32mINFO[0m:     [23-09-2024 18:11:36] ::1:52284 - "GET /api/v1/tenants/default_tenant HTTP/1.1" 200
[32mINFO[0m:     [23-09-2024 18:11:36] ::1:52284 - "GET /api/v1/databases/default_database?tenant=default_tenant HTTP/1.1" 200
[32mINFO[0m:     [23-09-2024 18:11:43] ::1:52290 - "GET /api/v1/tenants/default_tenant HTTP/1.1" 200
[32mINFO[0m:     [23-09-2024 18:11:43] ::1:52290 - "GET /api/v1/databases/default_database?tenant=default_tenant HTTP/1.1" 200
[32mINFO[0m:     [23-09-2024 18:11:43] ::1:52291 - "GET /api/v1/tenants/default_tenant HTTP/1.1" 200
[32mINFO[0m:     [23-09-2024 18:11:43] ::1:52291 - "GET /api/v1/databases/default_database?tenant=default_tenant HTTP/1.1" 200
[32mINFO[0m:     [23-09-2024 18:15:45] ::1:52382 - "GET /api/v1/tenants/default_tenant HTTP/1.1" 200
[32mINFO[0m:     [23-09-2024 18:15:45] ::1:52382 - "GET /api/v1/databases/default_database?tenant=default_tenant HTTP/1.1" 200
[32mINFO[0m:     [23-09-2024 18:15:45] ::1:52383 - "GET /api/v1/tenants/default_tenant HTTP/1.1" 200
[32mINFO[0m:     [23-09-2024 18:15:45] ::1:52383 - "GET /api/v1/databases/default_database?tenant=default_tenant HTTP/1.1" 200
[32mINFO[0m:     [23-09-2024 18:18:37] ::1:52450 - "GET /api/v1/tenants/default_tenant HTTP/1.1" 200
[32mINFO[0m:     [23-09-2024 18:18:37] ::1:52450 - "GET /api/v1/databases/default_database?tenant=default_tenant HTTP/1.1" 200
[32mINFO[0m:     [23-09-2024 18:18:37] ::1:52451 - "GET /api/v1/tenants/default_tenant HTTP/1.1" 200
[32mINFO[0m:     [23-09-2024 18:18:37] ::1:52451 - "GET /api/v1/databases/default_database?tenant=default_tenant HTTP/1.1" 200
[32mINFO[0m:     [23-09-2024 18:19:45] ::1:52474 - "GET /api/v1/tenants/default_tenant HTTP/1.1" 200
[32mINFO[0m:     [23-09-2024 18:19:45] ::1:52474 - "GET /api/v1/databases/default_database?tenant=default_tenant HTTP/1.1" 200
[32mINFO[0m:     [23-09-2024 18:19:45] ::1:52475 - "GET /api/v1/tenants/default_tenant HTTP/1.1" 200
[32mINFO[0m:     [23-09-2024 18:19:45] ::1:52475 - "GET /api/v1/databases/default_database?tenant=default_tenant HTTP/1.1" 200
[32mINFO[0m:     [23-09-2024 18:19:51] ::1:52482 - "GET /api/v1/tenants/default_tenant HTTP/1.1" 200
[32mINFO[0m:     [23-09-2024 18:19:51] ::1:52482 - "GET /api/v1/databases/default_database?tenant=default_tenant HTTP/1.1" 200
[32mINFO[0m:     [23-09-2024 18:19:51] ::1:52483 - "GET /api/v1/tenants/default_tenant HTTP/1.1" 200
[32mINFO[0m:     [23-09-2024 18:19:51] ::1:52483 - "GET /api/v1/databases/default_database?tenant=default_tenant HTTP/1.1" 200
[32mINFO[0m:     [23-09-2024 18:20:31] ::1:52500 - "GET /api/v1/tenants/default_tenant HTTP/1.1" 200
[32mINFO[0m:     [23-09-2024 18:20:31] ::1:52500 - "GET /api/v1/databases/default_database?tenant=default_tenant HTTP/1.1" 200
[32mINFO[0m:     [23-09-2024 18:20:31] ::1:52501 - "GET /api/v1/tenants/default_tenant HTTP/1.1" 200
[32mINFO[0m:     [23-09-2024 18:20:31] ::1:52501 - "GET /api/v1/databases/default_database?tenant=default_tenant HTTP/1.1" 200
[32mINFO[0m:     [23-09-2024 18:20:33] ::1:52504 - "GET /api/v1/tenants/default_tenant HTTP/1.1" 200
[32mINFO[0m:     [23-09-2024 18:20:33] ::1:52504 - "GET /api/v1/databases/default_database?tenant=default_tenant HTTP/1.1" 200
[32mINFO[0m:     [23-09-2024 18:20:33] ::1:52505 - "GET /api/v1/tenants/default_tenant HTTP/1.1" 200
[32mINFO[0m:     [23-09-2024 18:20:33] ::1:52505 - "GET /api/v1/databases/default_database?tenant=default_tenant HTTP/1.1" 200
[32mINFO[0m:     [23-09-2024 18:21:35] ::1:52520 - "GET /api/v1/tenants/default_tenant HTTP/1.1" 200
[32mINFO[0m:     [23-09-2024 18:21:35] ::1:52520 - "GET /api/v1/databases/default_database?tenant=default_tenant HTTP/1.1" 200
[32mINFO[0m:     [23-09-2024 18:21:35] ::1:52521 - "GET /api/v1/tenants/default_tenant HTTP/1.1" 200
[32mINFO[0m:     [23-09-2024 18:21:35] ::1:52521 - "GET /api/v1/databases/default_database?tenant=default_tenant HTTP/1.1" 200
[32mINFO[0m:     [23-09-2024 18:22:51] ::1:52555 - "GET /api/v1/tenants/default_tenant HTTP/1.1" 200
[32mINFO[0m:     [23-09-2024 18:22:51] ::1:52555 - "GET /api/v1/databases/default_database?tenant=default_tenant HTTP/1.1" 200
[32mINFO[0m:     [23-09-2024 18:22:51] ::1:52556 - "GET /api/v1/tenants/default_tenant HTTP/1.1" 200
[32mINFO[0m:     [23-09-2024 18:22:51] ::1:52556 - "GET /api/v1/databases/default_database?tenant=default_tenant HTTP/1.1" 200
[32mINFO[0m:     [23-09-2024 18:22:53] ::1:52560 - "GET /api/v1/tenants/default_tenant HTTP/1.1" 200
[32mINFO[0m:     [23-09-2024 18:22:53] ::1:52560 - "GET /api/v1/databases/default_database?tenant=default_tenant HTTP/1.1" 200
[32mINFO[0m:     [23-09-2024 18:22:53] ::1:52561 - "GET /api/v1/tenants/default_tenant HTTP/1.1" 200
[32mINFO[0m:     [23-09-2024 18:22:53] ::1:52561 - "GET /api/v1/databases/default_database?tenant=default_tenant HTTP/1.1" 200
[32mINFO[0m:     [23-09-2024 18:25:12] ::1:52626 - "GET /api/v1/tenants/default_tenant HTTP/1.1" 200
[32mINFO[0m:     [23-09-2024 18:25:12] ::1:52626 - "GET /api/v1/databases/default_database?tenant=default_tenant HTTP/1.1" 200
[32mINFO[0m:     [23-09-2024 18:25:12] ::1:52627 - "GET /api/v1/tenants/default_tenant HTTP/1.1" 200
[32mINFO[0m:     [23-09-2024 18:25:12] ::1:52627 - "GET /api/v1/databases/default_database?tenant=default_tenant HTTP/1.1" 200
[32mINFO[0m:     [23-09-2024 18:25:47] ::1:52649 - "GET /api/v1/tenants/default_tenant HTTP/1.1" 200
[32mINFO[0m:     [23-09-2024 18:25:47] ::1:52649 - "GET /api/v1/databases/default_database?tenant=default_tenant HTTP/1.1" 200
[32mINFO[0m:     [23-09-2024 18:25:47] ::1:52650 - "GET /api/v1/tenants/default_tenant HTTP/1.1" 200
[32mINFO[0m:     [23-09-2024 18:25:47] ::1:52650 - "GET /api/v1/databases/default_database?tenant=default_tenant HTTP/1.1" 200
[32mINFO[0m:     [23-09-2024 18:37:01] ::1:52919 - "GET /api/v1/tenants/default_tenant HTTP/1.1" 200
[32mINFO[0m:     [23-09-2024 18:37:01] ::1:52919 - "GET /api/v1/databases/default_database?tenant=default_tenant HTTP/1.1" 200
[32mINFO[0m:     [23-09-2024 18:37:01] ::1:52920 - "GET /api/v1/tenants/default_tenant HTTP/1.1" 200
[32mINFO[0m:     [23-09-2024 18:37:01] ::1:52920 - "GET /api/v1/databases/default_database?tenant=default_tenant HTTP/1.1" 200
[32mINFO[0m:     [23-09-2024 18:37:47] ::1:52943 - "GET /api/v1/tenants/default_tenant HTTP/1.1" 200
[32mINFO[0m:     [23-09-2024 18:37:47] ::1:52943 - "GET /api/v1/databases/default_database?tenant=default_tenant HTTP/1.1" 200
[32mINFO[0m:     [23-09-2024 18:37:47] ::1:52944 - "GET /api/v1/tenants/default_tenant HTTP/1.1" 200
[32mINFO[0m:     [23-09-2024 18:37:47] ::1:52944 - "GET /api/v1/databases/default_database?tenant=default_tenant HTTP/1.1" 200
[32mINFO[0m:     [23-09-2024 18:38:23] ::1:52959 - "GET /api/v1/tenants/default_tenant HTTP/1.1" 200
[32mINFO[0m:     [23-09-2024 18:38:23] ::1:52959 - "GET /api/v1/databases/default_database?tenant=default_tenant HTTP/1.1" 200
[32mINFO[0m:     [23-09-2024 18:38:23] ::1:52960 - "GET /api/v1/tenants/default_tenant HTTP/1.1" 200
[32mINFO[0m:     [23-09-2024 18:38:23] ::1:52960 - "GET /api/v1/databases/default_database?tenant=default_tenant HTTP/1.1" 200
[32mINFO[0m:     [23-09-2024 18:38:31] ::1:52968 - "GET /api/v1/tenants/default_tenant HTTP/1.1" 200
[32mINFO[0m:     [23-09-2024 18:38:31] ::1:52968 - "GET /api/v1/databases/default_database?tenant=default_tenant HTTP/1.1" 200
[32mINFO[0m:     [23-09-2024 18:38:31] ::1:52969 - "GET /api/v1/tenants/default_tenant HTTP/1.1" 200
[32mINFO[0m:     [23-09-2024 18:38:31] ::1:52969 - "GET /api/v1/databases/default_database?tenant=default_tenant HTTP/1.1" 200
[32mINFO[0m:     [23-09-2024 18:39:55] ::1:53003 - "GET /api/v1/tenants/default_tenant HTTP/1.1" 200
[32mINFO[0m:     [23-09-2024 18:39:55] ::1:53003 - "GET /api/v1/databases/default_database?tenant=default_tenant HTTP/1.1" 200
[32mINFO[0m:     [23-09-2024 18:39:55] ::1:53004 - "GET /api/v1/tenants/default_tenant HTTP/1.1" 200
[32mINFO[0m:     [23-09-2024 18:39:55] ::1:53004 - "GET /api/v1/databases/default_database?tenant=default_tenant HTTP/1.1" 200
[32mINFO[0m:     [23-09-2024 18:40:38] ::1:53023 - "GET /api/v1/tenants/default_tenant HTTP/1.1" 200
[32mINFO[0m:     [23-09-2024 18:40:38] ::1:53023 - "GET /api/v1/databases/default_database?tenant=default_tenant HTTP/1.1" 200
[32mINFO[0m:     [23-09-2024 18:40:38] ::1:53024 - "GET /api/v1/tenants/default_tenant HTTP/1.1" 200
[32mINFO[0m:     [23-09-2024 18:40:38] ::1:53024 - "GET /api/v1/databases/default_database?tenant=default_tenant HTTP/1.1" 200
[32mINFO[0m:     [23-09-2024 18:42:46] ::1:53080 - "GET /api/v1/tenants/default_tenant HTTP/1.1" 200
[32mINFO[0m:     [23-09-2024 18:42:46] ::1:53080 - "GET /api/v1/databases/default_database?tenant=default_tenant HTTP/1.1" 200
[32mINFO[0m:     [23-09-2024 18:42:46] ::1:53081 - "GET /api/v1/tenants/default_tenant HTTP/1.1" 200
[32mINFO[0m:     [23-09-2024 18:42:46] ::1:53081 - "GET /api/v1/databases/default_database?tenant=default_tenant HTTP/1.1" 200
[32mINFO[0m:     [23-09-2024 18:43:54] ::1:53103 - "GET /api/v1/tenants/default_tenant HTTP/1.1" 200
[32mINFO[0m:     [23-09-2024 18:43:54] ::1:53103 - "GET /api/v1/databases/default_database?tenant=default_tenant HTTP/1.1" 200
[32mINFO[0m:     [23-09-2024 18:43:54] ::1:53104 - "GET /api/v1/tenants/default_tenant HTTP/1.1" 200
[32mINFO[0m:     [23-09-2024 18:43:54] ::1:53104 - "GET /api/v1/databases/default_database?tenant=default_tenant HTTP/1.1" 200
[32mINFO[0m:     [23-09-2024 18:45:12] ::1:53136 - "GET /api/v1/tenants/default_tenant HTTP/1.1" 200
[32mINFO[0m:     [23-09-2024 18:45:12] ::1:53136 - "GET /api/v1/databases/default_database?tenant=default_tenant HTTP/1.1" 200
[32mINFO[0m:     [23-09-2024 18:45:12] ::1:53137 - "GET /api/v1/tenants/default_tenant HTTP/1.1" 200
[32mINFO[0m:     [23-09-2024 18:45:12] ::1:53137 - "GET /api/v1/databases/default_database?tenant=default_tenant HTTP/1.1" 200
